<?xml version="1.0" encoding="UTF-8"?>
<!-- Generated by org.testng.reporters.JUnitXMLReporter -->
<testsuite hostname="W10127" ignored="0" name="Command line test" tests="2" failures="0" timestamp="20 May 2018 09:15:55 GMT" time="0.124" errors="0">
  <testcase name="VerifyUserLogin" time="0.105" classname="test.application.scenarios.TestScenarios"/>
  <testcase name="Verifyuserisinvalid" time="0.003" classname="test.application.scenarios.TestScenarios"/>
</testsuite> <!-- Command line test -->
