<?xml version="1.0" encoding="UTF-8"?>
<!-- Generated by org.testng.reporters.JUnitXMLReporter -->
<testsuite hostname="W10127" ignored="2" name="NewTours" tests="1" failures="0" timestamp="28 May 2018 11:29:09 GMT" time="163.242" errors="0">
  <testcase name="VerifyFlightBooking" time="162.679" classname="application.scenarios.TestScenarios"/>
  <testcase name="VerifyUserRegistration" time="0.0" classname="application.scenarios.TestScenarios">
    <ignored/>
  </testcase> <!-- VerifyUserRegistration -->
  <testcase name="VerifyUserLogin" time="0.0" classname="application.scenarios.TestScenarios">
    <ignored/>
  </testcase> <!-- VerifyUserLogin -->
</testsuite> <!-- NewTours -->
